<?xml version="1.0" encoding="UTF-8"?>
<testng-results skipped="0" failed="0" ignored="0" total="1" passed="1">
  <reporter-output>
  </reporter-output>
  <suite name="All Test Suite" duration-ms="25677" started-at="2021-05-04T21:45:31 IST" finished-at="2021-05-04T21:45:56 IST">
    <groups>
      <group name="cucumber">
        <method signature="AbstractTestNGCucumberTests.feature(cucumber.api.testng.CucumberFeatureWrapper)[pri:0, instance:steps.Runner@59ec2012]" name="feature" class="cucumber.api.testng.AbstractTestNGCucumberTests"/>
      </group> <!-- cucumber -->
    </groups>
    <test name="/Users/pradeep/Kasier/testng" duration-ms="25677" started-at="2021-05-04T21:45:31 IST" finished-at="2021-05-04T21:45:56 IST">
      <class name="steps.Runner">
        <test-method status="PASS" signature="setUpClass()[pri:0, instance:steps.Runner@59ec2012]" name="setUpClass" is-config="true" duration-ms="249" started-at="2021-05-04T21:45:31 IST" finished-at="2021-05-04T21:45:31 IST">
          <reporter-output>
          </reporter-output>
        </test-method> <!-- setUpClass -->
        <test-method status="PASS" signature="feature(cucumber.api.testng.CucumberFeatureWrapper)[pri:0, instance:steps.Runner@59ec2012]" name="feature" duration-ms="25292" started-at="2021-05-04T21:45:31 IST" description="Runs Cucumber Feature" data-provider="features" finished-at="2021-05-04T21:45:56 IST">
          <params>
            <param index="0">
              <value>
                <![CDATA[sign up]]>
              </value>
            </param>
          </params>
          <reporter-output>
          </reporter-output>
        </test-method> <!-- feature -->
        <test-method status="PASS" signature="tearDownClass()[pri:0, instance:steps.Runner@59ec2012]" name="tearDownClass" is-config="true" duration-ms="3" started-at="2021-05-04T21:45:56 IST" finished-at="2021-05-04T21:45:56 IST">
          <reporter-output>
          </reporter-output>
        </test-method> <!-- tearDownClass -->
      </class> <!-- steps.Runner -->
    </test> <!-- /Users/pradeep/Kasier/testng -->
  </suite> <!-- All Test Suite -->
</testng-results>
